1114
4653
71
33
339
6674
20
17
8164
8
0
3439
6978
2045
7090
5695
1910
4855
9358
9513
8850
7640
4115
7023
5029
3825
7841
8823
7369
333
893
77
6953
3456
54
6069
6830
9360
1
6
3730
4135
26
301
3829
1509
8811
6966
312
134
4404
1675
1136
9090
5117
6919
4122
4495
1188
608
6733
1426
893
15
1299
6776
2517
8106
0
5145
4994
508
12
3120
57
6
760
5534
26
367
157
9
7515
3
3647
7
81
3501
2854
1979
1688
9
2537
9957
6608
1
1649
6379
238
3
4375
12
9259
3319
4280
149
6642
3610
2415
7336
8230
9956
3793
8499
0
8
5022
7955
0
8297
8957
3
8644
6389
614
3253
5321
7450
1585
84
1057
119
6137
58
2646
7838
129
6260
14
1887
0
4392
115
3068
1664
2
3093
3823
8468
8845
0
7590
1939
1855
3760
99
6627
2982
6785
828
2570
2049
6418
5056
1282
1474
2276
1181
68
8266
7726
590
6670
4455
7626
1688
99
4547
8230
318
2
4468
2680
7582
0
6755
71
1
2
7896
8880
213
5485
4568
3795
4935
1137
6972
7
6851
8402
3
6
6686
3313
84
82
531
7
7
7994
9984
10
65
160
0
69
2
1702
3624
7479
1561
5078
716
6314
9905
1715
9
9263
4263
0
193
2420
1
6206
37
982
284
1
4327
937
15
31
47
66
238
8998
48
4274
6280
9525
5291
27
1435
2953
284
5862
8558
3059
7449
1223
57
104
5136
338
6464
5296
30
6294
8957
7036
8984
8670
502
505
3027
1899
309
679
0
897
9804
7148
2958
9955
0
5220
10
4502
8150
6475
969
6435
8376
7675
2013
6187
4
154
6156
1842
2651
1863
9374
5
12
9564
489
1
3957
1190
30
5087
9990
288
3576
1
5848
0
7
8494
1183
66
5339
1
8104
8150
691
6699
609
8298
1701
673
132
1770
4
8912
5817
9
2310
376
9539
774
3969
674
1990
456
615
3911
6
7278
6468
5460
8766
2476
38
1
9187
7847
3273
583
7322
580
9916
7951
4515
6161
5344
288
7706
3720
482
9968
36
3
1432
6408
3368
6547
1178
7951
4972
4954
2834
7135
8038
194
908
3940
1738
750
3982
9904
44
54
1164
22
629
2074
9430
9802
8742
355
5454
4834
36
5
1382
6413
1
2846
3963
3619
6342
1505
1281
8632
1905
1
6997
1212
17
1356
8272
9784
20
64
11
1733
1754
183
2659
4
1888
14
150
9171
8154
4077
9763
2925
8193
10000
54
9978
8490
6869
2737
3778
3
1870
617
3927
3904
6997
364
8
6126
843
492
501
38
7795
7191
4876
6297
301
2500
9
5620
1
8
6867
2368
6941
8
3570
7801
7908
2
0
8671
5725
6274
9330
7808
563
5640
840
775
4600
423
2
6
2126
3324
5492
73
4585
1666
537
7203
10
905
265
4918
1
4
26
7959
10
1
2092
6364
690
8041
1787
436
3512
6007
1481
1283
888
4696
19
8156
5553
4161
1485
9859
205
7944
2685
0
9273
0
5634
719
5441
357
7152
24
8041
0
2
1810
5363
7423
334
3551
4468
69
7383
7120
899
8
58
3102
6
1526
1729
10
5386
2464
8461
1
2307
7652
9072
3
3494
2158
40
4184
8469
9
7157
1259
7947
140
2658
0
7208
24
3450
7038
45
8406
5952
52
1192
787
4098
521
1
48
8711
8090
6883
10000
6
1770
5039
94
9597
24
0
681
11
3674
4487
6
7057
8858
495
1094
3150
40
3401
631
6022
5268
5
4876
7033
19
7069
6154
95
10000
141
5507
7891
0
1344
96
1172
539
5214
230
170
25
373
1
61
1318
95
5806
6805
255
5619
7284
1298
405
239
285
5729
2133
4606
9365
5594
5141
6980
7367
150
231
4505
4484
5753
766
1341
1467
26
4323
31
5280
2545
3156
9
2
0
11
1
8368
3773
3494
3
791
9546
4966
7601
1009
5346
8179
4845
7890
6989
7747
138
1271
50
3276
63
9155
885
99
4559
0
431
83
4396
0
513
3503
534
1362
71
3360
680
8571
1
4
163
9746
5
615
7323
163
5202
4275
2937
1
577
6751
5894
4106
1679
9638
3607
3629
14
771
804
186
151
679
51
83
9855
122
7245
7
3120
30
2126
90
211
0
3
40
4077
2534
2573
6
6612
62
863
5551
230
4603
3046
9842
8159
5953
5760
1903
12
2633
24
27
5973
6594
5266
7779
11
182
9591
21
8495
5024
1982
132
4919
29
44
283
29
38
5226
8440
25
9632
4661
7945
9516
5361
1528
6572
2231
9698
1691
7494
513
857
4
34
38
2545
4361
368
7
55
1494
3054
691
4415
3631
7550
480
9442
1745
33
7114
7044
11
30
7749
5000
476
40
7666
106
4076
9
9143
3072
5544
1
7280
9974
10
8162
448
662
90
249
6680
3451
828
4390
137
4897
3121
6679
63
44
3099
440
2941
783
3161
2814
2243
1845
8979
4003
8018
2906
98
2919
3268
1031
8496
23
3753
50
0
787
4933
516
8802
4877
2
5012
7350
81
9258
8138
7080
584
2139
9150
210
1878
3
9472
4828
6
4403
8211
1516
3467
4516
526
7787
2
4838
0
9261
43
1674
440
1630
31
7168
2409
19
195
354
32
6
7755
265
4694
4376
5563
7539
7481
472
4100
6246
5957
5
2215
4722
9036
2043
2191
5432
348
9867
8758
1918
5359
3205
7259
8369
8421
5670
4283
2818
3017
3668
26
7
9931
0
6879
2808
1116
5284
621
818
5719
3076
4095
8000
39
55
1248
8340
8442
6321
28
5935
9679
5224
2621
6
427
869
1120
16
2084
2043
8124
89
65
1503
114
